<?xml version="1.0" encoding="UTF-8"?>
<!-- Generated by org.testng.reporters.JUnitReportReporter -->
<testsuite hostname="DESKTOP-I2IVOVB" failures="0" tests="1" name="testing.Guru99BankTest" time="9.921" errors="0" timestamp="2024-04-24T13:47:23 EET" skipped="0">
  <testcase classname="testing.Guru99BankTest" name="logintest" time="9.921"/>
  <system-out/>
</testsuite> <!-- testing.Guru99BankTest -->
